<?xml version="1.0" encoding="UTF-8"?>
<!-- Generated by org.testng.reporters.JUnitReportReporter -->
<testsuite hostname="RGUDIMETH1Y4T02" failures="0" tests="1" name="get" time="3.004" errors="0" timestamp="04 Jan 2020 09:25:59 GMT" skipped="0">
  <testcase classname="get" name="f" time="3.004"/>
</testsuite> <!-- get -->
