<?xml version="1.0" encoding="UTF-8"?>
<!-- Generated by org.testng.reporters.JUnitReportReporter -->
<testsuite hostname="RGUDIMETH1Y4T02" failures="0" tests="1" name="delete" time="2.767" errors="0" timestamp="2020-01-02T21:33:45 IST" skipped="0">
  <testcase classname="delete" name="f" time="2.767"/>
</testsuite> <!-- delete -->
