<?xml version="1.0" encoding="UTF-8"?>
<!-- Generated by org.testng.reporters.JUnitReportReporter -->
<testsuite hostname="RGUDIMETH1Y4T02" failures="0" tests="1" name="post" time="2.940" errors="0" timestamp="2019-12-22T17:42:29 IST" skipped="0">
  <testcase classname="post" name="f" time="2.940"/>
</testsuite> <!-- post -->
